<?xml version="1.0" encoding="UTF-8"?>
<!-- Generated by org.testng.reporters.JUnitReportReporter -->
<testsuite hostname="LT0178649" failures="0" tests="2" name="test.day3" time="0.013" errors="0" timestamp="2024-09-21T17:15:40 IST" skipped="0">
  <testcase classname="test.day3" name="MobileloginHomeLoan" time="0.011"/>
  <system-out/>
  <testcase classname="test.day3" name="WebloginHomeLoan" time="0.002"/>
  <system-out/>
</testsuite> <!-- test.day3 -->
