<?xml version="1.0" encoding="UTF-8"?>
<!-- Generated by org.testng.reporters.JUnitReportReporter -->
<testsuite hostname="LT0178649" failures="0" tests="1" name="test.day1" time="0.004" errors="0" timestamp="2024-09-21T12:51:18 IST" skipped="0">
  <testcase classname="test.day1" name="demo1" time="0.004"/>
  <system-out/>
</testsuite> <!-- test.day1 -->
